2018-01-16 14:32:52,030 [INFO] server - 80056 account_auth user01 login system success!
2018-01-16 14:33:46,989 [INFO] server - 80660 account_auth: user01 login system success!
2018-01-16 14:37:27,480 [ERROR] server - 80632 account_auth: authentication failed.
2018-01-16 14:37:48,228 [INFO] server - 80632 account_auth: user01 login authentication success.
2018-01-16 14:45:02,658 [INFO] server - 72732 account_auth: registered account.
2018-01-17 09:00:48,129 [INFO] server - 80388 account_auth: user01 login authentication success.
2018-01-17 09:06:35,370 [INFO] server - 82500 account_auth: user01 login authentication success.
2018-01-17 10:25:30,017 [INFO] server - 83844 account_auth: user01 login authentication success.
2018-01-17 10:28:44,253 [INFO] server - 82640 account_auth: user01 login authentication success.
2018-01-17 10:29:36,326 [INFO] server - 82640 account_auth: reset password.
2018-01-17 10:29:37,418 [INFO] server - 82640 account_auth: 加载用户数据
2018-01-17 10:29:38,011 [INFO] server - 82640 account_auth: 加载用户数据
2018-01-17 10:29:38,573 [INFO] server - 82640 account_auth: 加载用户数据
2018-01-17 11:33:41,935 [INFO] server - 83168 account_auth: user01 login authentication success.
2018-01-17 11:52:04,733 [INFO] server - 83748 account_auth: user01 login authentication success.
2018-01-17 11:52:32,079 [INFO] server - 2196 account_auth: user01 login authentication success.
2018-01-17 14:21:16,653 [INFO] server - 79184 account_auth: user01 login authentication success.
2018-01-17 14:21:45,716 [INFO] server - 82956 account_auth: user01 login authentication success.
2018-01-17 14:24:39,126 [INFO] server - 78524 account_auth: user01 login authentication success.
2018-01-17 14:26:29,715 [INFO] server - 83240 account_auth: user01 login authentication success.
2018-01-17 17:41:26,381 [INFO] server - 81760 account_auth: user01 login authentication success.
2018-01-17 17:43:04,833 [INFO] server - 83372 account_auth: user01 login authentication success.
2018-01-17 17:48:10,344 [INFO] server - 81760 account_auth: user01 login authentication success.
2018-01-17 17:50:07,282 [INFO] server - 83100 account_auth: user01 login authentication success.
2018-01-17 18:07:13,803 [INFO] server - 83784 account_auth: user01 login authentication success.
2018-01-18 11:48:57,862 [INFO] server - 85188 account_auth: user01 login authentication success.
2018-01-18 11:49:47,268 [INFO] server - 86984 account_auth: user01 login authentication success.
2018-01-18 11:50:04,989 [INFO] server - 85364 account_auth: user01 login authentication success.
2018-01-18 14:20:04,266 [INFO] server - 86488 account_auth: user01 login authentication success.
2018-01-18 14:22:10,814 [INFO] server - 83372 account_auth: user01 login authentication success.
2018-01-18 14:56:46,304 [INFO] server - 87852 account_auth: user01 login authentication success.
2018-01-18 15:12:38,966 [INFO] server - 83216 account_auth: user01 login authentication success.
2018-01-18 15:14:26,622 [INFO] server - 87892 account_auth: user01 login authentication success.
2018-01-18 15:22:41,471 [INFO] server - 85092 account_auth: user01 login authentication success.
2018-01-18 15:28:42,003 [INFO] server - 84376 account_auth: user01 login authentication success.
2018-01-18 15:51:03,703 [INFO] server - 88272 account_auth: user01 login authentication success.
2018-01-18 15:51:41,658 [INFO] server - 88472 account_auth: user01 login authentication success.
2018-01-18 16:05:07,274 [INFO] server - 87456 account_auth: user01 login authentication success.
2018-01-18 16:12:27,960 [INFO] server - 87524 account_auth: user01 login authentication success.
2018-01-18 16:14:11,793 [INFO] server - 87584 account_auth: user01 login authentication success.
2018-01-18 16:52:16,827 [INFO] server - 83604 account_auth: user01 login authentication success.
2018-01-18 17:02:00,004 [INFO] server - 83772 account_auth: user01 login authentication success.
2018-01-18 17:19:36,169 [INFO] server - 87300 account_auth: user01 login authentication success.
2018-01-18 17:23:26,659 [INFO] server - 85292 account_auth: user01 login authentication success.
2018-01-18 17:27:54,092 [INFO] server - 87584 account_auth: user01 login authentication success.
2018-01-18 17:34:57,118 [INFO] server - 88288 account_auth: user01 login authentication success.
2018-01-19 14:31:18,581 [INFO] server - 93492 account_auth: user01 login authentication success.
2018-01-19 14:31:18,581 [INFO] server - 93492 account_auth: user01 login authentication success.
2018-01-19 14:31:18,581 [INFO] server - 93492 account_auth: user01 login authentication success.
2018-01-19 14:33:16,598 [INFO] server - 93492 account_auth: logout.
2018-01-19 14:33:16,598 [INFO] server - 93492 account_auth: logout.
2018-01-19 14:33:16,598 [INFO] server - 93492 account_auth: logout.
2018-01-19 14:33:25,594 [INFO] server - 93492 account_auth: user02 login authentication success.
2018-01-19 14:33:25,594 [INFO] server - 93492 account_auth: user02 login authentication success.
2018-01-19 14:33:25,594 [INFO] server - 93492 account_auth: user02 login authentication success.
2018-01-22 09:53:27,143 [INFO] server - 99688 account_auth: user01 login authentication success.
2018-01-22 09:53:27,143 [INFO] server - 99688 account_auth: user01 login authentication success.
2018-01-22 09:53:27,143 [INFO] server - 99688 account_auth: user01 login authentication success.
2018-01-22 10:10:56,181 [INFO] server - 99768 account_auth: user01 login authentication success.
2018-01-22 10:10:56,181 [INFO] server - 99768 account_auth: user01 login authentication success.
2018-01-22 10:10:56,181 [INFO] server - 99768 account_auth: user01 login authentication success.
2018-01-22 10:10:56,181 [INFO] server - 99768 account_auth: user01 login authentication success.
2018-01-22 10:13:20,417 [INFO] server - 100760 account_auth: user01 login authentication success.
2018-01-22 10:13:20,417 [INFO] server - 100760 account_auth: user01 login authentication success.
2018-01-22 10:13:20,417 [INFO] server - 100760 account_auth: user01 login authentication success.
2018-01-22 10:13:20,417 [INFO] server - 100760 account_auth: user01 login authentication success.
2018-01-22 10:17:09,319 [INFO] server - 100612 account_auth: user01 login authentication success.
2018-01-22 10:17:09,319 [INFO] server - 100612 account_auth: user01 login authentication success.
2018-01-22 10:17:09,319 [INFO] server - 100612 account_auth: user01 login authentication success.
2018-01-22 10:17:09,319 [INFO] server - 100612 account_auth: user01 login authentication success.
2018-01-22 10:26:17,835 [INFO] server - 99900 account_auth: user01 login authentication success.
2018-01-22 10:26:17,835 [INFO] server - 99900 account_auth: user01 login authentication success.
2018-01-22 10:26:17,835 [INFO] server - 99900 account_auth: user01 login authentication success.
2018-01-22 10:26:17,835 [INFO] server - 99900 account_auth: user01 login authentication success.
2018-01-22 10:27:42,355 [INFO] server - 99028 account_auth: user01 login authentication success.
2018-01-22 10:27:42,355 [INFO] server - 99028 account_auth: user01 login authentication success.
2018-01-22 10:27:42,355 [INFO] server - 99028 account_auth: user01 login authentication success.
2018-01-22 10:27:42,355 [INFO] server - 99028 account_auth: user01 login authentication success.
2018-01-22 10:32:03,622 [INFO] server - 100756 account_auth: user01 login authentication success.
2018-01-22 10:32:03,622 [INFO] server - 100756 account_auth: user01 login authentication success.
2018-01-22 10:32:03,622 [INFO] server - 100756 account_auth: user01 login authentication success.
2018-01-22 10:32:03,622 [INFO] server - 100756 account_auth: user01 login authentication success.
2018-01-22 10:33:28,700 [INFO] server - 100756 account_auth: logout.
2018-01-22 10:33:28,700 [INFO] server - 100756 account_auth: logout.
2018-01-22 10:33:28,700 [INFO] server - 100756 account_auth: logout.
2018-01-22 10:33:28,700 [INFO] server - 100756 account_auth: logout.
2018-01-22 10:34:16,681 [INFO] server - 100756 account_auth: user01 login authentication success.
2018-01-22 10:34:16,681 [INFO] server - 100756 account_auth: user01 login authentication success.
2018-01-22 10:34:16,681 [INFO] server - 100756 account_auth: user01 login authentication success.
2018-01-22 10:34:16,681 [INFO] server - 100756 account_auth: user01 login authentication success.
2018-01-22 13:46:05,002 [INFO] server - 99628 account_auth: user01 login authentication success.
2018-01-22 13:46:05,002 [INFO] server - 99628 account_auth: user01 login authentication success.
2018-01-22 13:46:05,002 [INFO] server - 99628 account_auth: user01 login authentication success.
2018-01-22 13:46:05,002 [INFO] server - 99628 account_auth: user01 login authentication success.
2018-01-22 13:47:24,087 [INFO] server - 100576 account_auth: user01 login authentication success.
2018-01-22 13:47:24,087 [INFO] server - 100576 account_auth: user01 login authentication success.
2018-01-22 13:47:24,087 [INFO] server - 100576 account_auth: user01 login authentication success.
2018-01-22 13:47:24,087 [INFO] server - 100576 account_auth: user01 login authentication success.
2018-01-22 13:53:37,483 [INFO] server - 100924 account_auth: user01 login authentication success.
2018-01-22 13:53:37,483 [INFO] server - 100924 account_auth: user01 login authentication success.
2018-01-22 13:53:37,483 [INFO] server - 100924 account_auth: user01 login authentication success.
2018-01-22 13:53:37,483 [INFO] server - 100924 account_auth: user01 login authentication success.
2018-01-22 13:54:17,859 [INFO] server - 100732 account_auth: user01 login authentication success.
2018-01-22 13:54:17,859 [INFO] server - 100732 account_auth: user01 login authentication success.
2018-01-22 13:54:17,859 [INFO] server - 100732 account_auth: user01 login authentication success.
2018-01-22 13:54:17,859 [INFO] server - 100732 account_auth: user01 login authentication success.
2018-01-22 13:55:43,067 [INFO] server - 101288 account_auth: user01 login authentication success.
2018-01-22 13:55:43,067 [INFO] server - 101288 account_auth: user01 login authentication success.
2018-01-22 13:55:43,067 [INFO] server - 101288 account_auth: user01 login authentication success.
2018-01-22 13:55:43,067 [INFO] server - 101288 account_auth: user01 login authentication success.
2018-01-22 13:56:07,059 [INFO] server - 101692 account_auth: user01 login authentication success.
2018-01-22 13:56:07,059 [INFO] server - 101692 account_auth: user01 login authentication success.
2018-01-22 13:56:07,059 [INFO] server - 101692 account_auth: user01 login authentication success.
2018-01-22 13:56:07,059 [INFO] server - 101692 account_auth: user01 login authentication success.
2018-01-22 14:01:31,770 [INFO] server - 93560 account_auth: user01 login authentication success.
2018-01-22 14:01:31,770 [INFO] server - 93560 account_auth: user01 login authentication success.
2018-01-22 14:01:31,770 [INFO] server - 93560 account_auth: user01 login authentication success.
2018-01-22 14:01:31,770 [INFO] server - 93560 account_auth: user01 login authentication success.
2018-01-22 14:05:13,814 [INFO] server - 99172 account_auth: user01 login authentication success.
2018-01-22 14:05:13,814 [INFO] server - 99172 account_auth: user01 login authentication success.
2018-01-22 14:05:13,814 [INFO] server - 99172 account_auth: user01 login authentication success.
2018-01-22 14:05:13,814 [INFO] server - 99172 account_auth: user01 login authentication success.
2018-01-22 14:07:39,415 [INFO] server - 100820 account_auth: user01 login authentication success.
2018-01-22 14:07:39,415 [INFO] server - 100820 account_auth: user01 login authentication success.
2018-01-22 14:07:39,415 [INFO] server - 100820 account_auth: user01 login authentication success.
2018-01-22 14:07:39,415 [INFO] server - 100820 account_auth: user01 login authentication success.
2018-01-22 14:09:04,156 [INFO] server - 101540 account_auth: user01 login authentication success.
2018-01-22 14:09:04,156 [INFO] server - 101540 account_auth: user01 login authentication success.
2018-01-22 14:09:04,156 [INFO] server - 101540 account_auth: user01 login authentication success.
2018-01-22 14:09:04,156 [INFO] server - 101540 account_auth: user01 login authentication success.
2018-01-22 14:14:11,152 [INFO] server - 100152 account_auth: user01 login authentication success.
2018-01-22 14:14:11,152 [INFO] server - 100152 account_auth: user01 login authentication success.
2018-01-22 14:14:11,152 [INFO] server - 100152 account_auth: user01 login authentication success.
2018-01-22 14:14:11,152 [INFO] server - 100152 account_auth: user01 login authentication success.
2018-01-22 14:15:30,099 [INFO] server - 93532 account_auth: user01 login authentication success.
2018-01-22 14:15:30,099 [INFO] server - 93532 account_auth: user01 login authentication success.
2018-01-22 14:15:30,099 [INFO] server - 93532 account_auth: user01 login authentication success.
2018-01-22 14:15:30,099 [INFO] server - 93532 account_auth: user01 login authentication success.
2018-01-22 14:16:54,105 [INFO] server - 102244 account_auth: user01 login authentication success.
2018-01-22 14:16:54,105 [INFO] server - 102244 account_auth: user01 login authentication success.
2018-01-22 14:16:54,105 [INFO] server - 102244 account_auth: user01 login authentication success.
2018-01-22 14:16:54,105 [INFO] server - 102244 account_auth: user01 login authentication success.
2018-01-22 14:17:55,152 [INFO] server - 101992 account_auth: user01 login authentication success.
2018-01-22 14:17:55,152 [INFO] server - 101992 account_auth: user01 login authentication success.
2018-01-22 14:17:55,152 [INFO] server - 101992 account_auth: user01 login authentication success.
2018-01-22 14:17:55,152 [INFO] server - 101992 account_auth: user01 login authentication success.
2018-01-22 14:18:35,813 [INFO] server - 100464 account_auth: user02 login authentication success.
2018-01-22 14:18:35,813 [INFO] server - 100464 account_auth: user02 login authentication success.
2018-01-22 14:18:35,813 [INFO] server - 100464 account_auth: user02 login authentication success.
2018-01-22 14:18:35,813 [INFO] server - 100464 account_auth: user02 login authentication success.
2018-01-22 14:21:29,270 [INFO] server - 100988 account_auth: user02 login authentication success.
2018-01-22 14:21:29,270 [INFO] server - 100988 account_auth: user02 login authentication success.
2018-01-22 14:21:29,270 [INFO] server - 100988 account_auth: user02 login authentication success.
2018-01-22 14:21:29,270 [INFO] server - 100988 account_auth: user02 login authentication success.
2018-01-22 14:25:05,257 [INFO] server - 102348 account_auth: user02 login authentication success.
2018-01-22 14:25:05,257 [INFO] server - 102348 account_auth: user02 login authentication success.
2018-01-22 14:25:05,257 [INFO] server - 102348 account_auth: user02 login authentication success.
2018-01-22 14:25:05,257 [INFO] server - 102348 account_auth: user02 login authentication success.
2018-01-22 14:28:30,552 [INFO] server - 101640 account_auth: registered account.
2018-01-22 14:28:30,552 [INFO] server - 101640 account_auth: registered account.
2018-01-22 14:28:30,552 [INFO] server - 101640 account_auth: registered account.
2018-01-22 14:28:30,552 [INFO] server - 101640 account_auth: registered account.
2018-01-22 14:28:57,650 [INFO] server - 101640 account_auth: user02 login authentication success.
2018-01-22 14:28:57,650 [INFO] server - 101640 account_auth: user02 login authentication success.
2018-01-22 14:28:57,650 [INFO] server - 101640 account_auth: user02 login authentication success.
2018-01-22 14:28:57,650 [INFO] server - 101640 account_auth: user02 login authentication success.
2018-01-22 14:32:41,954 [INFO] server - 100824 account_auth: user02 login authentication success.
2018-01-22 14:32:41,954 [INFO] server - 100824 account_auth: user02 login authentication success.
2018-01-22 14:32:41,954 [INFO] server - 100824 account_auth: user02 login authentication success.
2018-01-22 14:32:41,954 [INFO] server - 100824 account_auth: user02 login authentication success.
2018-01-22 14:35:24,642 [INFO] server - 101528 account_auth: user02 login authentication success.
2018-01-22 14:35:24,642 [INFO] server - 101528 account_auth: user02 login authentication success.
2018-01-22 14:35:24,642 [INFO] server - 101528 account_auth: user02 login authentication success.
2018-01-22 14:35:24,642 [INFO] server - 101528 account_auth: user02 login authentication success.
2018-01-22 14:37:08,709 [INFO] server - 102200 account_auth: user02 login authentication success.
2018-01-22 14:37:08,709 [INFO] server - 102200 account_auth: user02 login authentication success.
2018-01-22 14:37:08,709 [INFO] server - 102200 account_auth: user02 login authentication success.
2018-01-22 14:37:08,709 [INFO] server - 102200 account_auth: user02 login authentication success.
2018-01-22 14:37:35,725 [INFO] server - 102200 personal_center: modify shopping address.
2018-01-22 14:37:35,725 [INFO] server - 102200 personal_center: modify shopping address.
2018-01-22 14:37:35,725 [INFO] server - 102200 personal_center: modify shopping address.
2018-01-22 14:37:35,725 [INFO] server - 102200 personal_center: modify shopping address.
2018-01-22 14:40:03,908 [INFO] server - 102200 personal_center: Authentication identificationcard.
2018-01-22 14:40:03,908 [INFO] server - 102200 personal_center: Authentication identificationcard.
2018-01-22 14:40:03,908 [INFO] server - 102200 personal_center: Authentication identificationcard.
2018-01-22 14:40:03,908 [INFO] server - 102200 personal_center: Authentication identificationcard.
2018-01-22 14:42:33,244 [INFO] server - 102200 personal_center: Add binding creditcard success.
2018-01-22 14:42:33,244 [INFO] server - 102200 personal_center: Add binding creditcard success.
2018-01-22 14:42:33,244 [INFO] server - 102200 personal_center: Add binding creditcard success.
2018-01-22 14:42:33,244 [INFO] server - 102200 personal_center: Add binding creditcard success.
2018-01-22 14:42:57,190 [INFO] server - 101844 account_auth: user02 login authentication success.
2018-01-22 14:42:57,190 [INFO] server - 101844 account_auth: user02 login authentication success.
2018-01-22 14:42:57,190 [INFO] server - 101844 account_auth: user02 login authentication success.
2018-01-22 14:42:57,190 [INFO] server - 101844 account_auth: user02 login authentication success.
2018-01-22 14:47:20,500 [INFO] server - 102032 account_auth: user01 login authentication success.
2018-01-22 14:47:20,500 [INFO] server - 102032 account_auth: user01 login authentication success.
2018-01-22 14:47:20,500 [INFO] server - 102032 account_auth: user01 login authentication success.
2018-01-22 14:47:20,500 [INFO] server - 102032 account_auth: user01 login authentication success.
2018-01-22 14:47:29,656 [INFO] server - 102032 account_auth: logout.
2018-01-22 14:47:29,656 [INFO] server - 102032 account_auth: logout.
2018-01-22 14:47:29,656 [INFO] server - 102032 account_auth: logout.
2018-01-22 14:47:29,656 [INFO] server - 102032 account_auth: logout.
2018-01-22 14:47:35,263 [INFO] server - 102032 account_auth: user02 login authentication success.
2018-01-22 14:47:35,263 [INFO] server - 102032 account_auth: user02 login authentication success.
2018-01-22 14:47:35,263 [INFO] server - 102032 account_auth: user02 login authentication success.
2018-01-22 14:47:35,263 [INFO] server - 102032 account_auth: user02 login authentication success.
2018-01-22 14:49:12,846 [INFO] server - 102032 account_auth: logout.
2018-01-22 14:49:12,846 [INFO] server - 102032 account_auth: logout.
2018-01-22 14:49:12,846 [INFO] server - 102032 account_auth: logout.
2018-01-22 14:49:12,846 [INFO] server - 102032 account_auth: logout.
2018-01-22 14:51:16,324 [INFO] server - 102112 account_auth: user01 login authentication success.
2018-01-22 14:51:16,324 [INFO] server - 102112 account_auth: user01 login authentication success.
2018-01-22 14:51:16,324 [INFO] server - 102112 account_auth: user01 login authentication success.
2018-01-22 14:51:16,324 [INFO] server - 102112 account_auth: user01 login authentication success.
2018-01-22 14:52:59,174 [INFO] server - 99428 account_auth: user01 login authentication success.
2018-01-22 14:52:59,174 [INFO] server - 99428 account_auth: user01 login authentication success.
2018-01-22 14:52:59,174 [INFO] server - 99428 account_auth: user01 login authentication success.
2018-01-22 14:52:59,174 [INFO] server - 99428 account_auth: user01 login authentication success.
2018-01-22 14:55:19,044 [INFO] server - 102256 account_auth: user02 login authentication success.
2018-01-22 14:55:19,044 [INFO] server - 102256 account_auth: user02 login authentication success.
2018-01-22 14:55:19,044 [INFO] server - 102256 account_auth: user02 login authentication success.
2018-01-22 14:55:19,044 [INFO] server - 102256 account_auth: user02 login authentication success.
2018-01-22 14:55:28,004 [INFO] server - 102256 account_auth: logout.
2018-01-22 14:55:28,004 [INFO] server - 102256 account_auth: logout.
2018-01-22 14:55:28,004 [INFO] server - 102256 account_auth: logout.
2018-01-22 14:55:28,004 [INFO] server - 102256 account_auth: logout.
2018-01-22 14:55:33,964 [INFO] server - 102256 account_auth: user01 login authentication success.
2018-01-22 14:55:33,964 [INFO] server - 102256 account_auth: user01 login authentication success.
2018-01-22 14:55:33,964 [INFO] server - 102256 account_auth: user01 login authentication success.
2018-01-22 14:55:33,964 [INFO] server - 102256 account_auth: user01 login authentication success.
2018-01-22 14:58:06,355 [INFO] server - 102256 account_auth: logout.
2018-01-22 14:58:06,355 [INFO] server - 102256 account_auth: logout.
2018-01-22 14:58:06,355 [INFO] server - 102256 account_auth: logout.
2018-01-22 14:58:06,355 [INFO] server - 102256 account_auth: logout.
2018-01-22 14:58:09,282 [INFO] server - 102256 account_auth: registered account.
2018-01-22 14:58:09,282 [INFO] server - 102256 account_auth: registered account.
2018-01-22 14:58:09,282 [INFO] server - 102256 account_auth: registered account.
2018-01-22 14:58:09,282 [INFO] server - 102256 account_auth: registered account.
2018-01-22 14:58:17,747 [INFO] server - 102256 account_auth: registered account.
2018-01-22 14:58:17,747 [INFO] server - 102256 account_auth: registered account.
2018-01-22 14:58:17,747 [INFO] server - 102256 account_auth: registered account.
2018-01-22 14:58:17,747 [INFO] server - 102256 account_auth: registered account.
2018-01-22 14:58:37,468 [INFO] server - 102256 account_auth: test01 login authentication success.
2018-01-22 14:58:37,468 [INFO] server - 102256 account_auth: test01 login authentication success.
2018-01-22 14:58:37,468 [INFO] server - 102256 account_auth: test01 login authentication success.
2018-01-22 14:58:37,468 [INFO] server - 102256 account_auth: test01 login authentication success.
2018-01-22 14:59:30,335 [INFO] server - 99028 account_auth: test01 login authentication success.
2018-01-22 14:59:30,335 [INFO] server - 99028 account_auth: test01 login authentication success.
2018-01-22 14:59:30,335 [INFO] server - 99028 account_auth: test01 login authentication success.
2018-01-22 14:59:30,335 [INFO] server - 99028 account_auth: test01 login authentication success.
2018-01-22 15:01:59,763 [INFO] server - 99028 personal_center: modify shopping address.
2018-01-22 15:01:59,763 [INFO] server - 99028 personal_center: modify shopping address.
2018-01-22 15:01:59,763 [INFO] server - 99028 personal_center: modify shopping address.
2018-01-22 15:01:59,763 [INFO] server - 99028 personal_center: modify shopping address.
2018-01-22 15:02:13,519 [INFO] server - 99028 personal_center: Authentication identificationcard.
2018-01-22 15:02:13,519 [INFO] server - 99028 personal_center: Authentication identificationcard.
2018-01-22 15:02:13,519 [INFO] server - 99028 personal_center: Authentication identificationcard.
2018-01-22 15:02:13,519 [INFO] server - 99028 personal_center: Authentication identificationcard.
2018-01-22 15:02:45,141 [INFO] server - 99028 personal_center: Add binding bankcard success.
2018-01-22 15:02:45,141 [INFO] server - 99028 personal_center: Add binding bankcard success.
2018-01-22 15:02:45,141 [INFO] server - 99028 personal_center: Add binding bankcard success.
2018-01-22 15:02:45,141 [INFO] server - 99028 personal_center: Add binding bankcard success.
2018-01-22 15:05:34,485 [INFO] server - 99028 personal_center: Add binding creditcard success.
2018-01-22 15:05:34,485 [INFO] server - 99028 personal_center: Add binding creditcard success.
2018-01-22 15:05:34,485 [INFO] server - 99028 personal_center: Add binding creditcard success.
2018-01-22 15:05:34,485 [INFO] server - 99028 personal_center: Add binding creditcard success.
2018-01-22 16:05:29,959 [INFO] server - 99028 account_auth: logout.
2018-01-22 16:05:29,959 [INFO] server - 99028 account_auth: logout.
2018-01-22 16:05:29,959 [INFO] server - 99028 account_auth: logout.
2018-01-22 16:05:29,959 [INFO] server - 99028 account_auth: logout.
2018-01-22 16:05:36,869 [INFO] server - 99028 account_auth: user01 login authentication success.
2018-01-22 16:05:36,869 [INFO] server - 99028 account_auth: user01 login authentication success.
2018-01-22 16:05:36,869 [INFO] server - 99028 account_auth: user01 login authentication success.
2018-01-22 16:05:36,869 [INFO] server - 99028 account_auth: user01 login authentication success.
2018-01-23 09:06:35,743 [INFO] server - 106032 account_auth: user01 login authentication success.
2018-01-23 09:06:35,743 [INFO] server - 106032 account_auth: user01 login authentication success.
2018-01-23 09:06:35,743 [INFO] server - 106032 account_auth: user01 login authentication success.
2018-01-23 09:06:35,743 [INFO] server - 106032 account_auth: user01 login authentication success.
2018-01-23 10:07:15,242 [INFO] server - 106984 account_auth: user01 login authentication success.
2018-01-23 10:07:15,242 [INFO] server - 106984 account_auth: user01 login authentication success.
2018-01-23 10:07:15,242 [INFO] server - 106984 account_auth: user01 login authentication success.
2018-01-23 10:07:15,242 [INFO] server - 106984 account_auth: user01 login authentication success.
2018-01-23 10:09:00,406 [INFO] server - 102700 account_auth: user01 login authentication success.
2018-01-23 10:09:00,406 [INFO] server - 102700 account_auth: user01 login authentication success.
2018-01-23 10:09:00,406 [INFO] server - 102700 account_auth: user01 login authentication success.
2018-01-23 10:09:00,406 [INFO] server - 102700 account_auth: user01 login authentication success.
2018-01-23 10:11:33,496 [INFO] server - 108284 account_auth: user01 login authentication success.
2018-01-23 10:11:33,496 [INFO] server - 108284 account_auth: user01 login authentication success.
2018-01-23 10:11:33,496 [INFO] server - 108284 account_auth: user01 login authentication success.
2018-01-23 10:11:33,496 [INFO] server - 108284 account_auth: user01 login authentication success.
2018-01-23 11:04:29,836 [INFO] server - 106708 account_auth: user01 login authentication success.
2018-01-23 11:04:29,836 [INFO] server - 106708 account_auth: user01 login authentication success.
2018-01-23 11:04:29,836 [INFO] server - 106708 account_auth: user01 login authentication success.
2018-01-23 11:04:29,836 [INFO] server - 106708 account_auth: user01 login authentication success.
2018-01-23 14:01:09,033 [INFO] server - 105412 account_auth: user01 login authentication success.
2018-01-23 14:01:09,033 [INFO] server - 105412 account_auth: user01 login authentication success.
2018-01-23 14:01:09,033 [INFO] server - 105412 account_auth: user01 login authentication success.
2018-01-23 14:01:09,033 [INFO] server - 105412 account_auth: user01 login authentication success.
2018-01-23 14:33:09,180 [INFO] server - 110564 account_auth: registered account.
2018-01-23 14:33:09,180 [INFO] server - 110564 account_auth: registered account.
2018-01-23 14:33:09,180 [INFO] server - 110564 account_auth: registered account.
2018-01-23 14:33:09,180 [INFO] server - 110564 account_auth: registered account.
2018-01-23 14:33:34,879 [INFO] server - 110564 account_auth: hm123 login authentication success.
2018-01-23 14:33:34,879 [INFO] server - 110564 account_auth: hm123 login authentication success.
2018-01-23 14:33:34,879 [INFO] server - 110564 account_auth: hm123 login authentication success.
2018-01-23 14:33:34,879 [INFO] server - 110564 account_auth: hm123 login authentication success.
2018-01-23 14:34:00,127 [INFO] server - 110564 personal_center: modify shopping address.
2018-01-23 14:34:00,127 [INFO] server - 110564 personal_center: modify shopping address.
2018-01-23 14:34:00,127 [INFO] server - 110564 personal_center: modify shopping address.
2018-01-23 14:34:00,127 [INFO] server - 110564 personal_center: modify shopping address.
2018-01-23 14:34:24,983 [INFO] server - 110564 personal_center: Authentication identificationcard.
2018-01-23 14:34:24,983 [INFO] server - 110564 personal_center: Authentication identificationcard.
2018-01-23 14:34:24,983 [INFO] server - 110564 personal_center: Authentication identificationcard.
2018-01-23 14:34:24,983 [INFO] server - 110564 personal_center: Authentication identificationcard.
2018-01-23 14:34:55,689 [INFO] server - 110564 personal_center: Add binding bankcard success.
2018-01-23 14:34:55,689 [INFO] server - 110564 personal_center: Add binding bankcard success.
2018-01-23 14:34:55,689 [INFO] server - 110564 personal_center: Add binding bankcard success.
2018-01-23 14:34:55,689 [INFO] server - 110564 personal_center: Add binding bankcard success.
2018-01-23 14:37:27,789 [INFO] server - 110564 personal_center: Add binding creditcard success.
2018-01-23 14:37:27,789 [INFO] server - 110564 personal_center: Add binding creditcard success.
2018-01-23 14:37:27,789 [INFO] server - 110564 personal_center: Add binding creditcard success.
2018-01-23 14:37:27,789 [INFO] server - 110564 personal_center: Add binding creditcard success.
2018-01-23 14:44:15,355 [INFO] server - 92544 account_auth: hm123 login authentication success.
2018-01-23 14:44:15,355 [INFO] server - 92544 account_auth: hm123 login authentication success.
2018-01-23 14:44:15,355 [INFO] server - 92544 account_auth: hm123 login authentication success.
2018-01-23 14:44:15,355 [INFO] server - 92544 account_auth: hm123 login authentication success.
