2018-01-22 10:13:39,935 [INFO] transaction - 100760 shopping_wallet: 用户:user01 银行卡:66668888101 交易类型:普通支付 交易扣款:1000.0 余额:6598.0 交易结果: 成功
2018-01-22 10:13:39,935 [INFO] transaction - 100760 shopping_wallet: 用户:user01 银行卡:66668888101 交易类型:普通支付 交易扣款:1000.0 余额:6598.0 交易结果: 成功
2018-01-22 10:13:51,791 [INFO] transaction - 100760 shopping_wallet: 用户:user01 信用卡:77779999101 交易类型:普通支付 交易扣款:1000.0 余额:12950.0 交易结果: 成功
2018-01-22 10:13:51,791 [INFO] transaction - 100760 shopping_wallet: 用户:user01 信用卡:77779999101 交易类型:普通支付 交易扣款:1000.0 余额:12950.0 交易结果: 成功
2018-01-22 10:15:20,830 [INFO] transaction - 100760 shopping_wallet: 用户:user01 交易类型:转账 转账金额:1000.0 收入账户:user02 余额:1687.0 交易结果: 成功
2018-01-22 10:15:20,830 [INFO] transaction - 100760 shopping_wallet: 用户:user01 交易类型:转账 转账金额:1000.0 收入账户:user02 余额:1687.0 交易结果: 成功
2018-01-22 10:26:42,250 [INFO] transaction - 99900 shopping_wallet: 用户:user01 银行卡:66668888101 交易类型:普通支付 交易扣款:525 余额:6073.0 交易结果: 成功
2018-01-22 10:26:42,250 [INFO] transaction - 99900 shopping_wallet: 用户:user01 银行卡:66668888101 交易类型:普通支付 交易扣款:525 余额:6073.0 交易结果: 成功
2018-01-22 10:28:18,026 [INFO] transaction - 99028 shopping_wallet: 用户:user01 信用卡:77779999101 交易类型:普通支付 交易扣款:9578 余额:3372.0 交易结果: 成功
2018-01-22 10:28:18,026 [INFO] transaction - 99028 shopping_wallet: 用户:user01 信用卡:77779999101 交易类型:普通支付 交易扣款:9578 余额:3372.0 交易结果: 成功
2018-01-22 10:32:19,440 [INFO] transaction - 100756 shopping_center: 用户:user01 交易类型:购物支付 支付金额:663 支付类型:钱包 支付结果:成功
2018-01-22 10:32:19,440 [INFO] transaction - 100756 shopping_center: 用户:user01 交易类型:购物支付 支付金额:663 支付类型:钱包 支付结果:成功
2018-01-22 13:46:13,905 [INFO] transaction - 99628 shopping_center: 用户:user01 交易类型:购物支付 支付金额:95 支付类型:钱包 支付结果:成功
2018-01-22 13:46:13,905 [INFO] transaction - 99628 shopping_center: 用户:user01 交易类型:购物支付 支付金额:95 支付类型:钱包 支付结果:成功
2018-01-22 13:48:00,741 [INFO] transaction - 100576 shopping_center: 用户:user01 交易类型:购物支付 支付金额:95 支付类型:钱包 支付结果:成功
2018-01-22 13:48:00,741 [INFO] transaction - 100576 shopping_center: 用户:user01 交易类型:购物支付 支付金额:95 支付类型:钱包 支付结果:成功
2018-01-22 14:09:11,617 [INFO] transaction - 101540 shopping_center: 用户:user01 交易类型:购物支付 支付金额:215 支付类型:钱包 支付结果:成功
2018-01-22 14:09:11,617 [INFO] transaction - 101540 shopping_center: 用户:user01 交易类型:购物支付 支付金额:215 支付类型:钱包 支付结果:成功
2018-01-22 14:17:16,925 [INFO] transaction - 102244 shopping_center: 用户:user01 交易类型:购物支付 支付金额:89 支付类型:钱包 支付结果:成功
2018-01-22 14:17:16,925 [INFO] transaction - 102244 shopping_center: 用户:user01 交易类型:购物支付 支付金额:89 支付类型:钱包 支付结果:成功
2018-01-22 14:25:37,254 [INFO] transaction - 102348 shopping_center: 用户:user02 交易类型:购物支付 支付金额:89 支付类型:钱包 支付结果:成功
2018-01-22 14:25:37,254 [INFO] transaction - 102348 shopping_center: 用户:user02 交易类型:购物支付 支付金额:89 支付类型:钱包 支付结果:成功
2018-01-22 14:33:24,210 [INFO] transaction - 100824 shopping_wallet: 用户:user02 银行卡:66668888201 交易类型:普通支付 交易扣款:100.0 余额:3300.0 交易结果: 成功
2018-01-22 14:33:24,210 [INFO] transaction - 100824 shopping_wallet: 用户:user02 银行卡:66668888201 交易类型:普通支付 交易扣款:100.0 余额:3300.0 交易结果: 成功
2018-01-22 14:48:35,971 [INFO] transaction - 102032 shopping_wallet: 用户:user02 银行卡:66668888201 交易类型:普通支付 交易扣款:215 余额:3085.0 交易结果: 成功
2018-01-22 14:48:35,971 [INFO] transaction - 102032 shopping_wallet: 用户:user02 银行卡:66668888201 交易类型:普通支付 交易扣款:215 余额:3085.0 交易结果: 成功
2018-01-22 14:55:48,413 [INFO] transaction - 102256 shopping_center: 用户:user01 交易类型:购物支付 支付金额:89 支付类型:钱包 支付结果:成功
2018-01-22 14:55:48,413 [INFO] transaction - 102256 shopping_center: 用户:user01 交易类型:购物支付 支付金额:89 支付类型:钱包 支付结果:成功
2018-01-22 14:56:53,927 [INFO] transaction - 102256 shopping_center: 用户:user01 交易类型:购物支付 支付金额:325 支付类型:钱包 支付结果:成功
2018-01-22 14:56:53,927 [INFO] transaction - 102256 shopping_center: 用户:user01 交易类型:购物支付 支付金额:325 支付类型:钱包 支付结果:成功
2018-01-22 15:06:02,519 [INFO] transaction - 99028 shopping_wallet: 用户:test01 信用卡:77779999111 交易类型:普通支付 交易扣款:1000.0 余额:4000.0 交易结果: 成功
2018-01-22 15:06:02,519 [INFO] transaction - 99028 shopping_wallet: 用户:test01 信用卡:77779999111 交易类型:普通支付 交易扣款:1000.0 余额:4000.0 交易结果: 成功
2018-01-22 15:06:31,647 [INFO] transaction - 99028 shopping_wallet: 用户:test01 交易类型:信用卡还款 还款金额:1000.0 支付银行卡:66668888301 余额:49000.0 交易结果: 成功
2018-01-22 15:06:31,647 [INFO] transaction - 99028 shopping_wallet: 用户:test01 交易类型:信用卡还款 还款金额:1000.0 支付银行卡:66668888301 余额:49000.0 交易结果: 成功
2018-01-22 17:43:07,977 [INFO] transaction - 99028 shopping_wallet: 用户:user01 银行卡:66668888101 交易类型:普通支付 交易扣款:1000.0 余额:5073.0 交易结果: 成功
2018-01-22 17:43:07,977 [INFO] transaction - 99028 shopping_wallet: 用户:user01 银行卡:66668888101 交易类型:普通支付 交易扣款:1000.0 余额:5073.0 交易结果: 成功
2018-01-22 17:53:29,844 [INFO] transaction - 99028 shopping_wallet: 用户:user01 交易类型:余额提现 提现金额:1000.0 手续费:10.0 余额:10209.0 交易结果: 成功
2018-01-22 17:53:29,844 [INFO] transaction - 99028 shopping_wallet: 用户:user01 交易类型:余额提现 提现金额:1000.0 手续费:10.0 余额:10209.0 交易结果: 成功
2018-01-23 10:03:52,529 [INFO] transaction - 106032 shopping_wallet: 用户:user01 交易类型:转账 转账金额:100.0 收入账户:user02 余额:10108.0 交易结果: 成功
2018-01-23 10:03:52,529 [INFO] transaction - 106032 shopping_wallet: 用户:user01 交易类型:转账 转账金额:100.0 收入账户:user02 余额:10108.0 交易结果: 成功
2018-01-23 10:40:24,115 [INFO] transaction - 108284 shopping_wallet: 用户:user01 交易类型:转账 转账金额:100.0 收入账户:user02 余额:899.0 交易结果: 成功
2018-01-23 10:40:24,115 [INFO] transaction - 108284 shopping_wallet: 用户:user01 交易类型:转账 转账金额:100.0 收入账户:user02 余额:899.0 交易结果: 成功
2018-01-23 11:04:47,440 [INFO] transaction - 106708 shopping_wallet: 用户:user01 交易类型:信用卡提现 提现金额:100.0 手续费:5.0 提现银行卡:66668888101 交易结果: 成功
2018-01-23 11:04:47,440 [INFO] transaction - 106708 shopping_wallet: 用户:user01 交易类型:信用卡提现 提现金额:100.0 手续费:5.0 提现银行卡:66668888101 交易结果: 成功
2018-01-23 11:15:00,468 [INFO] transaction - 106708 shopping_wallet: 用户:user01 交易类型:信用卡提现 提现金额:100.0 手续费:5.0 提现银行卡:66668888101 交易结果: 成功
2018-01-23 11:15:00,468 [INFO] transaction - 106708 shopping_wallet: 用户:user01 交易类型:信用卡提现 提现金额:100.0 手续费:5.0 提现银行卡:66668888101 交易结果: 成功
2018-01-23 13:50:01,721 [INFO] transaction - 106708 shopping_center: 用户:user01 交易类型:购物支付 支付金额:461 支付类型:钱包 支付结果:成功
2018-01-23 13:50:01,721 [INFO] transaction - 106708 shopping_center: 用户:user01 交易类型:购物支付 支付金额:461 支付类型:钱包 支付结果:成功
2018-01-23 13:50:26,652 [INFO] transaction - 106708 shopping_wallet: 用户:user01 银行卡:66668888101 交易类型:普通支付 交易扣款:1000.0 余额:5273.0 交易结果: 成功
2018-01-23 13:50:26,652 [INFO] transaction - 106708 shopping_wallet: 用户:user01 银行卡:66668888101 交易类型:普通支付 交易扣款:1000.0 余额:5273.0 交易结果: 成功
2018-01-23 14:38:02,422 [INFO] transaction - 110564 shopping_wallet: 用户:hm123 银行卡:66668888770 交易类型:普通支付 交易扣款:1000.0 余额:49000.0 交易结果: 成功
2018-01-23 14:38:02,422 [INFO] transaction - 110564 shopping_wallet: 用户:hm123 银行卡:66668888770 交易类型:普通支付 交易扣款:1000.0 余额:49000.0 交易结果: 成功
2018-01-23 14:38:29,129 [INFO] transaction - 110564 shopping_wallet: 用户:hm123 信用卡:77779999770 交易类型:普通支付 交易扣款:1000.0 余额:4000.0 交易结果: 成功
2018-01-23 14:38:29,129 [INFO] transaction - 110564 shopping_wallet: 用户:hm123 信用卡:77779999770 交易类型:普通支付 交易扣款:1000.0 余额:4000.0 交易结果: 成功
2018-01-23 14:39:33,821 [INFO] transaction - 110564 shopping_wallet: 用户:hm123 转出银行卡:66668888770 交易类型:转账 转账金额:200.0 手续费:2.0 收入银行卡:66668888101 余额:48798.0 交易结果: 成功
2018-01-23 14:39:33,821 [INFO] transaction - 110564 shopping_wallet: 用户:hm123 转出银行卡:66668888770 交易类型:转账 转账金额:200.0 手续费:2.0 收入银行卡:66668888101 余额:48798.0 交易结果: 成功
2018-01-23 14:41:12,435 [INFO] transaction - 110564 shopping_center: 用户:hm123 交易类型:购物支付 支付金额:120 支付类型:钱包 支付结果:成功
2018-01-23 14:41:12,435 [INFO] transaction - 110564 shopping_center: 用户:hm123 交易类型:购物支付 支付金额:120 支付类型:钱包 支付结果:成功
2018-01-23 14:44:46,560 [INFO] transaction - 92544 shopping_wallet: 用户:hm123 交易类型:信用卡提现 提现金额:1000.0 手续费:50.0 提现银行卡:66668888770 交易结果: 成功
2018-01-23 14:44:46,560 [INFO] transaction - 92544 shopping_wallet: 用户:hm123 交易类型:信用卡提现 提现金额:1000.0 手续费:50.0 提现银行卡:66668888770 交易结果: 成功
